# JRE version: OpenJDK Runtime Environment Temurin-18.0.1+10 (18.0.1+10) (build 18.0.1+10)
# Java VM: OpenJDK 64-Bit Server VM Temurin-18.0.1+10 (18.0.1+10, mixed mode, tiered, compressed oops, compressed class ptrs, g1 gc, windows-amd64)
GC Precious Log:
 CardTable entry size: 512
 Card Set container configuration: InlinePtr #cards 5 size 8 Array Of Cards #cards 12 size 40 Howl #buckets 4 coarsen threshold 1843 Howl Bitmap #cards 512 size 80 coarsen threshold 460 Card regions per heap region 1 cards per card region 2048
 CPUs: 4 total, 4 available
 Memory: 3987M
 Large Page Support: Disabled
 NUMA Support: Disabled
 Compressed Oops: Enabled (32-bit)
 Heap Region Size: 1M
 Heap Min Capacity: 8M
 Heap Initial Capacity: 64M
 Heap Max Capacity: 998M
 Pre-touch: Disabled
 Parallel Workers: 4
 Concurrent Workers: 1
 Concurrent Refinement Workers: 4
 Periodic GC: Disabled
Heap:
 garbage-first heap   total 55296K, used 20271K [0x00000000c1a00000, 0x0000000100000000)
  region size 1024K, 7 young (7168K), 1 survivors (1024K)
 Metaspace       used 39700K, committed 40000K, reserved 1114112K
  class space    used 4543K, committed 4672K, reserved 1048576K
GC Heap History (20 events):
Event: 3.455 GC heap before
{Heap before GC invocations=4 (full 0):
 garbage-first heap   total 65536K, used 11915K [0x00000000c1a00000, 0x0000000100000000)
  region size 1024K, 7 young (7168K), 3 survivors (3072K)
 Metaspace       used 21324K, committed 21504K, reserved 1114112K
  class space    used 2195K, committed 2304K, reserved 1048576K
}
Event: 3.460 GC heap after
{Heap after GC invocations=5 (full 0):
 garbage-first heap   total 65536K, used 8855K [0x00000000c1a00000, 0x0000000100000000)
  region size 1024K, 3 young (3072K), 3 survivors (3072K)
 Metaspace       used 21324K, committed 21504K, reserved 1114112K
  class space    used 2195K, committed 2304K, reserved 1048576K
}
Event: 3.824 GC heap before
{Heap before GC invocations=6 (full 0):
 garbage-first heap   total 37888K, used 27287K [0x00000000c1a00000, 0x0000000100000000)
  region size 1024K, 22 young (22528K), 3 survivors (3072K)
 Metaspace       used 23115K, committed 23424K, reserved 1114112K
  class space    used 2461K, committed 2624K, reserved 1048576K
}
Event: 3.834 GC heap after
{Heap after GC invocations=7 (full 0):
 garbage-first heap   total 37888K, used 9546K [0x00000000c1a00000, 0x0000000100000000)
  region size 1024K, 2 young (2048K), 2 survivors (2048K)
 Metaspace       used 23115K, committed 23424K, reserved 1114112K
  class space    used 2461K, committed 2624K, reserved 1048576K
}
Event: 3.850 GC heap before
{Heap before GC invocations=7 (full 0):
 garbage-first heap   total 37888K, used 10570K [0x00000000c1a00000, 0x0000000100000000)
  region size 1024K, 3 young (3072K), 2 survivors (2048K)
 Metaspace       used 23213K, committed 23488K, reserved 1114112K
  class space    used 2476K, committed 2624K, reserved 1048576K
}
Event: 3.856 GC heap after
{Heap after GC invocations=8 (full 0):
 garbage-first heap   total 37888K, used 9604K [0x00000000c1a00000, 0x0000000100000000)
  region size 1024K, 1 young (1024K), 1 survivors (1024K)
 Metaspace       used 23213K, committed 23488K, reserved 1114112K
  class space    used 2476K, committed 2624K, reserved 1048576K
}
Event: 4.309 GC heap before
{Heap before GC invocations=8 (full 0):
 garbage-first heap   total 37888K, used 25988K [0x00000000c1a00000, 0x0000000100000000)
  region size 1024K, 18 young (18432K), 1 survivors (1024K)
 Metaspace       used 24887K, committed 25088K, reserved 1114112K
  class space    used 2734K, committed 2816K, reserved 1048576K
}
Event: 4.312 GC heap after
{Heap after GC invocations=9 (full 0):
 garbage-first heap   total 72704K, used 9847K [0x00000000c1a00000, 0x0000000100000000)
  region size 1024K, 1 young (1024K), 1 survivors (1024K)
 Metaspace       used 24887K, committed 25088K, reserved 1114112K
  class space    used 2734K, committed 2816K, reserved 1048576K
}
Event: 4.958 GC heap before
{Heap before GC invocations=9 (full 0):
 garbage-first heap   total 72704K, used 50807K [0x00000000c1a00000, 0x0000000100000000)
  region size 1024K, 42 young (43008K), 1 survivors (1024K)
 Metaspace       used 28730K, committed 29056K, reserved 1114112K
  class space    used 3124K, committed 3264K, reserved 1048576K
}
Event: 4.962 GC heap after
{Heap after GC invocations=10 (full 0):
 garbage-first heap   total 72704K, used 11144K [0x00000000c1a00000, 0x0000000100000000)
  region size 1024K, 2 young (2048K), 2 survivors (2048K)
 Metaspace       used 28730K, committed 29056K, reserved 1114112K
  class space    used 3124K, committed 3264K, reserved 1048576K
}
Event: 6.029 GC heap before
{Heap before GC invocations=10 (full 0):
 garbage-first heap   total 72704K, used 52104K [0x00000000c1a00000, 0x0000000100000000)
  region size 1024K, 42 young (43008K), 2 survivors (2048K)
 Metaspace       used 31584K, committed 31808K, reserved 1114112K
  class space    used 3482K, committed 3584K, reserved 1048576K
}
Event: 6.034 GC heap after
{Heap after GC invocations=11 (full 0):
 garbage-first heap   total 72704K, used 11908K [0x00000000c1a00000, 0x0000000100000000)
  region size 1024K, 3 young (3072K), 3 survivors (3072K)
 Metaspace       used 31584K, committed 31808K, reserved 1114112K
  class space    used 3482K, committed 3584K, reserved 1048576K
}
Event: 6.906 GC heap before
{Heap before GC invocations=11 (full 0):
 garbage-first heap   total 72704K, used 51844K [0x00000000c1a00000, 0x0000000100000000)
  region size 1024K, 42 young (43008K), 3 survivors (3072K)
 Metaspace       used 34750K, committed 35008K, reserved 1114112K
  class space    used 3913K, committed 4032K, reserved 1048576K
}
Event: 6.915 GC heap after
{Heap after GC invocations=12 (full 0):
 garbage-first heap   total 72704K, used 13160K [0x00000000c1a00000, 0x0000000100000000)
  region size 1024K, 4 young (4096K), 4 survivors (4096K)
 Metaspace       used 34750K, committed 35008K, reserved 1114112K
  class space    used 3913K, committed 4032K, reserved 1048576K
}
Event: 7.224 GC heap before
{Heap before GC invocations=12 (full 0):
 garbage-first heap   total 72704K, used 23400K [0x00000000c1a00000, 0x0000000100000000)
  region size 1024K, 16 young (16384K), 4 survivors (4096K)
 Metaspace       used 35843K, committed 36096K, reserved 1114112K
  class space    used 4085K, committed 4224K, reserved 1048576K
}
Event: 7.232 GC heap after
{Heap after GC invocations=13 (full 0):
 garbage-first heap   total 72704K, used 14135K [0x00000000c1a00000, 0x0000000100000000)
  region size 1024K, 4 young (4096K), 4 survivors (4096K)
 Metaspace       used 35843K, committed 36096K, reserved 1114112K
  class space    used 4085K, committed 4224K, reserved 1048576K
}
Event: 8.013 GC heap before
{Heap before GC invocations=14 (full 0):
 garbage-first heap   total 55296K, used 41783K [0x00000000c1a00000, 0x0000000100000000)
  region size 1024K, 32 young (32768K), 4 survivors (4096K)
 Metaspace       used 38978K, committed 39360K, reserved 1114112K
  class space    used 4482K, committed 4672K, reserved 1048576K
}
Event: 8.022 GC heap after
{Heap after GC invocations=15 (full 0):
 garbage-first heap   total 55296K, used 15799K [0x00000000c1a00000, 0x0000000100000000)
  region size 1024K, 3 young (3072K), 3 survivors (3072K)
 Metaspace       used 38978K, committed 39360K, reserved 1114112K
  class space    used 4482K, committed 4672K, reserved 1048576K
}
Event: 8.037 GC heap before
{Heap before GC invocations=15 (full 0):
 garbage-first heap   total 55296K, used 16823K [0x00000000c1a00000, 0x0000000100000000)
  region size 1024K, 4 young (4096K), 3 survivors (3072K)
 Metaspace       used 38985K, committed 39360K, reserved 1114112K
  class space    used 4482K, committed 4672K, reserved 1048576K
}
Event: 8.042 GC heap after
{Heap after GC invocations=16 (full 0):
 garbage-first heap   total 55296K, used 16175K [0x00000000c1a00000, 0x0000000100000000)
  region size 1024K, 1 young (1024K), 1 survivors (1024K)
 Metaspace       used 38985K, committed 39360K, reserved 1114112K
  class space    used 4482K, committed 4672K, reserved 1048576K
}

