# JRE version: OpenJDK Runtime Environment Temurin-18.0.1+10 (18.0.1+10) (build 18.0.1+10)
# Java VM: OpenJDK 64-Bit Server VM Temurin-18.0.1+10 (18.0.1+10, mixed mode, tiered, compressed oops, compressed class ptrs, g1 gc, windows-amd64)
GC Precious Log:
 CardTable entry size: 512
 Card Set container configuration: InlinePtr #cards 5 size 8 Array Of Cards #cards 12 size 40 Howl #buckets 4 coarsen threshold 1843 Howl Bitmap #cards 512 size 80 coarsen threshold 460 Card regions per heap region 1 cards per card region 2048
 CPUs: 4 total, 4 available
 Memory: 3987M
 Large Page Support: Disabled
 NUMA Support: Disabled
 Compressed Oops: Enabled (32-bit)
 Heap Region Size: 1M
 Heap Min Capacity: 8M
 Heap Initial Capacity: 64M
 Heap Max Capacity: 998M
 Pre-touch: Disabled
 Parallel Workers: 4
 Concurrent Workers: 1
 Concurrent Refinement Workers: 4
 Periodic GC: Disabled
Heap:
 garbage-first heap   total 99328K, used 57705K [0x00000000c1a00000, 0x0000000100000000)
  region size 1024K, 43 young (44032K), 3 survivors (3072K)
 Metaspace       used 53713K, committed 54080K, reserved 1114112K
  class space    used 6510K, committed 6720K, reserved 1048576K
GC Heap History (20 events):
Event: 3.988 GC heap before
{Heap before GC invocations=9 (full 0):
 garbage-first heap   total 37888K, used 26272K [0x00000000c1a00000, 0x0000000100000000)
  region size 1024K, 18 young (18432K), 1 survivors (1024K)
 Metaspace       used 26690K, committed 27008K, reserved 1114112K
  class space    used 2915K, committed 3072K, reserved 1048576K
}
Event: 3.991 GC heap after
{Heap after GC invocations=10 (full 0):
 garbage-first heap   total 70656K, used 10565K [0x00000000c1a00000, 0x0000000100000000)
  region size 1024K, 2 young (2048K), 2 survivors (2048K)
 Metaspace       used 26690K, committed 27008K, reserved 1114112K
  class space    used 2915K, committed 3072K, reserved 1048576K
}
Event: 4.481 GC heap before
{Heap before GC invocations=10 (full 0):
 garbage-first heap   total 70656K, used 49477K [0x00000000c1a00000, 0x0000000100000000)
  region size 1024K, 41 young (41984K), 2 survivors (2048K)
 Metaspace       used 29877K, committed 30144K, reserved 1114112K
  class space    used 3265K, committed 3392K, reserved 1048576K
}
Event: 4.486 GC heap after
{Heap after GC invocations=11 (full 0):
 garbage-first heap   total 70656K, used 11291K [0x00000000c1a00000, 0x0000000100000000)
  region size 1024K, 2 young (2048K), 2 survivors (2048K)
 Metaspace       used 29877K, committed 30144K, reserved 1114112K
  class space    used 3265K, committed 3392K, reserved 1048576K
}
Event: 5.743 GC heap before
{Heap before GC invocations=11 (full 0):
 garbage-first heap   total 70656K, used 50203K [0x00000000c1a00000, 0x0000000100000000)
  region size 1024K, 41 young (41984K), 2 survivors (2048K)
 Metaspace       used 32684K, committed 33024K, reserved 1114112K
  class space    used 3622K, committed 3776K, reserved 1048576K
}
Event: 5.748 GC heap after
{Heap after GC invocations=12 (full 0):
 garbage-first heap   total 70656K, used 12372K [0x00000000c1a00000, 0x0000000100000000)
  region size 1024K, 3 young (3072K), 3 survivors (3072K)
 Metaspace       used 32684K, committed 33024K, reserved 1114112K
  class space    used 3622K, committed 3776K, reserved 1048576K
}
Event: 7.491 GC heap before
{Heap before GC invocations=12 (full 0):
 garbage-first heap   total 70656K, used 46164K [0x00000000c1a00000, 0x0000000100000000)
  region size 1024K, 37 young (37888K), 3 survivors (3072K)
 Metaspace       used 35760K, committed 35968K, reserved 1114112K
  class space    used 4059K, committed 4160K, reserved 1048576K
}
Event: 7.502 GC heap after
{Heap after GC invocations=13 (full 0):
 garbage-first heap   total 70656K, used 13843K [0x00000000c1a00000, 0x0000000100000000)
  region size 1024K, 5 young (5120K), 5 survivors (5120K)
 Metaspace       used 35760K, committed 35968K, reserved 1114112K
  class space    used 4059K, committed 4160K, reserved 1048576K
}
Event: 8.246 GC heap before
{Heap before GC invocations=14 (full 0):
 garbage-first heap   total 55296K, used 41491K [0x00000000c1a00000, 0x0000000100000000)
  region size 1024K, 32 young (32768K), 5 survivors (5120K)
 Metaspace       used 38844K, committed 39232K, reserved 1114112K
  class space    used 4469K, committed 4672K, reserved 1048576K
}
Event: 8.259 GC heap after
{Heap after GC invocations=15 (full 0):
 garbage-first heap   total 55296K, used 15598K [0x00000000c1a00000, 0x0000000100000000)
  region size 1024K, 4 young (4096K), 4 survivors (4096K)
 Metaspace       used 38844K, committed 39232K, reserved 1114112K
  class space    used 4469K, committed 4672K, reserved 1048576K
}
Event: 8.276 GC heap before
{Heap before GC invocations=15 (full 0):
 garbage-first heap   total 55296K, used 16622K [0x00000000c1a00000, 0x0000000100000000)
  region size 1024K, 5 young (5120K), 4 survivors (4096K)
 Metaspace       used 38963K, committed 39360K, reserved 1114112K
  class space    used 4481K, committed 4672K, reserved 1048576K
}
Event: 8.282 GC heap after
{Heap after GC invocations=16 (full 0):
 garbage-first heap   total 55296K, used 16029K [0x00000000c1a00000, 0x0000000100000000)
  region size 1024K, 1 young (1024K), 1 survivors (1024K)
 Metaspace       used 38963K, committed 39360K, reserved 1114112K
  class space    used 4481K, committed 4672K, reserved 1048576K
}
Event: 8.934 GC heap before
{Heap before GC invocations=16 (full 0):
 garbage-first heap   total 55296K, used 42653K [0x00000000c1a00000, 0x0000000100000000)
  region size 1024K, 28 young (28672K), 1 survivors (1024K)
 Metaspace       used 41087K, committed 41472K, reserved 1114112K
  class space    used 4739K, committed 4928K, reserved 1048576K
}
Event: 8.939 GC heap after
{Heap after GC invocations=17 (full 0):
 garbage-first heap   total 55296K, used 16906K [0x00000000c1a00000, 0x0000000100000000)
  region size 1024K, 2 young (2048K), 2 survivors (2048K)
 Metaspace       used 41087K, committed 41472K, reserved 1114112K
  class space    used 4739K, committed 4928K, reserved 1048576K
}
Event: 9.499 GC heap before
{Heap before GC invocations=17 (full 0):
 garbage-first heap   total 55296K, used 42506K [0x00000000c1a00000, 0x0000000100000000)
  region size 1024K, 28 young (28672K), 2 survivors (2048K)
 Metaspace       used 43637K, committed 43968K, reserved 1114112K
  class space    used 5112K, committed 5248K, reserved 1048576K
}
Event: 9.503 GC heap after
{Heap after GC invocations=18 (full 0):
 garbage-first heap   total 55296K, used 17309K [0x00000000c1a00000, 0x0000000100000000)
  region size 1024K, 2 young (2048K), 2 survivors (2048K)
 Metaspace       used 43637K, committed 43968K, reserved 1114112K
  class space    used 5112K, committed 5248K, reserved 1048576K
}
Event: 10.063 GC heap before
{Heap before GC invocations=18 (full 0):
 garbage-first heap   total 55296K, used 44957K [0x00000000c1a00000, 0x0000000100000000)
  region size 1024K, 29 young (29696K), 2 survivors (2048K)
 Metaspace       used 46666K, committed 47040K, reserved 1114112K
  class space    used 5575K, committed 5760K, reserved 1048576K
}
Event: 10.070 GC heap after
{Heap after GC invocations=19 (full 0):
 garbage-first heap   total 55296K, used 18074K [0x00000000c1a00000, 0x0000000100000000)
  region size 1024K, 3 young (3072K), 3 survivors (3072K)
 Metaspace       used 46666K, committed 47040K, reserved 1114112K
  class space    used 5575K, committed 5760K, reserved 1048576K
}
Event: 11.752 GC heap before
{Heap before GC invocations=19 (full 0):
 garbage-first heap   total 55296K, used 43674K [0x00000000c1a00000, 0x0000000100000000)
  region size 1024K, 29 young (29696K), 3 survivors (3072K)
 Metaspace       used 49520K, committed 49984K, reserved 1114112K
  class space    used 5925K, committed 6144K, reserved 1048576K
}
Event: 11.764 GC heap after
{Heap after GC invocations=20 (full 0):
 garbage-first heap   total 99328K, used 18793K [0x00000000c1a00000, 0x0000000100000000)
  region size 1024K, 3 young (3072K), 3 survivors (3072K)
 Metaspace       used 49520K, committed 49984K, reserved 1114112K
  class space    used 5925K, committed 6144K, reserved 1048576K
}

